<?xml version="1.0" encoding="UTF-8"?>
<!-- Generated by org.testng.reporters.JUnitReportReporter -->
<testsuite hostname="Aakash" failures="0" tests="1" name="yogesh.EndtoEnd1.App" time="0.007" errors="0" timestamp="2021-07-05T09:12:16 IST" skipped="0">
  <testcase classname="yogesh.EndtoEnd1.App" name="TDAccount" time="0.007"/>
  <system-out/>
</testsuite> <!-- yogesh.EndtoEnd1.App -->
