<?xml version="1.0" encoding="UTF-8"?>
<!-- Generated by org.testng.reporters.JUnitReportReporter -->
<testsuite hostname="Aakash" failures="0" tests="2" name="yogesh.EndtoEnd1.AppiumTest" time="0.005" errors="0" timestamp="2021-07-05T21:22:03 IST" skipped="0">
  <testcase classname="yogesh.EndtoEnd1.AppiumTest" name="IOSApps" time="0.004"/>
  <system-out/>
  <testcase classname="yogesh.EndtoEnd1.AppiumTest" name="NativeAPpAndroid" time="0.001"/>
  <system-out/>
</testsuite> <!-- yogesh.EndtoEnd1.AppiumTest -->
