<?xml version="1.0" encoding="UTF-8"?>
<!-- Generated by org.testng.reporters.JUnitReportReporter -->
<testsuite hostname="Aakash" failures="0" tests="2" name="yogesh.EndtoEnd1.RESTAPITest" time="0.000" errors="0" timestamp="2021-07-05T21:22:03 IST" skipped="0">
  <testcase classname="yogesh.EndtoEnd1.RESTAPITest" name="postJira" time="0.000"/>
  <system-out/>
  <testcase classname="yogesh.EndtoEnd1.RESTAPITest" name="deleteTwitter" time="0.000"/>
  <system-out/>
</testsuite> <!-- yogesh.EndtoEnd1.RESTAPITest -->
